{"/Users/admin/Desktop/Projects/react-user-dashboard/src/app/hooks.ts": {"path":"/Users/admin/Desktop/Projects/react-user-dashboard/src/app/hooks.ts","statementMap":{"0":{"start":{"line":1,"column":0},"end":{"line":1,"column":54}},"1":{"start":{"line":5,"column":30},"end":{"line":5,"column":62}},"2":{"start":{"line":5,"column":36},"end":{"line":5,"column":62}},"3":{"start":{"line":5,"column":13},"end":{"line":5,"column":30}},"4":{"start":{"line":6,"column":30},"end":{"line":7,"column":23}},"5":{"start":{"line":7,"column":2},"end":{"line":7,"column":23}},"6":{"start":{"line":6,"column":13},"end":{"line":6,"column":30}}},"fnMap":{"0":{"name":"(anonymous_0)","decl":{"start":{"line":5,"column":30},"end":{"line":5,"column":33}},"loc":{"start":{"line":5,"column":36},"end":{"line":5,"column":62}}},"1":{"name":"(anonymous_1)","decl":{"start":{"line":6,"column":30},"end":{"line":6,"column":34}},"loc":{"start":{"line":7,"column":2},"end":{"line":7,"column":23}}}},"branchMap":{},"s":{"0":1,"1":1,"2":22,"3":1,"4":1,"5":176,"6":1},"f":{"0":22,"1":176},"b":{}}
,"/Users/admin/Desktop/Projects/react-user-dashboard/src/components/layout/Pagination/Pagination.tsx": {"path":"/Users/admin/Desktop/Projects/react-user-dashboard/src/components/layout/Pagination/Pagination.tsx","statementMap":{"0":{"start":{"line":12,"column":0},"end":{"line":12,"column":16}},"1":{"start":{"line":1,"column":0},"end":{"line":1,"column":56}},"2":{"start":{"line":2,"column":0},"end":{"line":2,"column":45}},"3":{"start":{"line":13,"column":2},"end":{"line":13,"column":null}},"4":{"start":{"line":13,"column":23},"end":{"line":13,"column":null}},"5":{"start":{"line":15,"column":15},"end":{"line":15,"column":51}},"6":{"start":{"line":16,"column":13},"end":{"line":16,"column":61}},"7":{"start":{"line":17,"column":16},"end":{"line":17,"column":67}},"8":{"start":{"line":17,"column":61},"end":{"line":17,"column":66}},"9":{"start":{"line":19,"column":2},"end":{"line":55,"column":null}},"10":{"start":{"line":24,"column":25},"end":{"line":24,"column":54}},"11":{"start":{"line":33,"column":12},"end":{"line":34,"column":null}},"12":{"start":{"line":36,"column":29},"end":{"line":36,"column":47}},"13":{"start":{"line":45,"column":25},"end":{"line":45,"column":54}}},"fnMap":{"0":{"name":"Pagination","decl":{"start":{"line":12,"column":16},"end":{"line":12,"column":26}},"loc":{"start":{"line":12,"column":111},"end":{"line":56,"column":1}}},"1":{"name":"(anonymous_1)","decl":{"start":{"line":17,"column":51},"end":{"line":17,"column":52}},"loc":{"start":{"line":17,"column":61},"end":{"line":17,"column":66}}},"2":{"name":"(anonymous_2)","decl":{"start":{"line":24,"column":19},"end":{"line":24,"column":22}},"loc":{"start":{"line":24,"column":25},"end":{"line":24,"column":54}}},"3":{"name":"(anonymous_3)","decl":{"start":{"line":32,"column":21},"end":{"line":32,"column":22}},"loc":{"start":{"line":33,"column":12},"end":{"line":34,"column":null}}},"4":{"name":"(anonymous_4)","decl":{"start":{"line":36,"column":23},"end":{"line":36,"column":26}},"loc":{"start":{"line":36,"column":29},"end":{"line":36,"column":47}}},"5":{"name":"(anonymous_5)","decl":{"start":{"line":45,"column":19},"end":{"line":45,"column":22}},"loc":{"start":{"line":45,"column":25},"end":{"line":45,"column":54}}}},"branchMap":{"0":{"loc":{"start":{"line":13,"column":2},"end":{"line":13,"column":null}},"type":"if","locations":[{"start":{"line":13,"column":2},"end":{"line":13,"column":null}},{"start":{},"end":{}}]},"1":{"loc":{"start":{"line":35,"column":43},"end":{"line":35,"column":84}},"type":"cond-expr","locations":[{"start":{"line":35,"column":66},"end":{"line":35,"column":79}},{"start":{"line":35,"column":82},"end":{"line":35,"column":84}}]}},"s":{"0":2,"1":2,"2":2,"3":16,"4":1,"5":15,"6":15,"7":15,"8":43,"9":15,"10":1,"11":43,"12":3,"13":1},"f":{"0":16,"1":43,"2":1,"3":43,"4":3,"5":1},"b":{"0":[1,15],"1":[15,28]}}
,"/Users/admin/Desktop/Projects/react-user-dashboard/src/components/layout/Toolbar/Toolbar.tsx": {"path":"/Users/admin/Desktop/Projects/react-user-dashboard/src/components/layout/Toolbar/Toolbar.tsx","statementMap":{"0":{"start":{"line":11,"column":0},"end":{"line":11,"column":16}},"1":{"start":{"line":1,"column":0},"end":{"line":1,"column":61}},"2":{"start":{"line":3,"column":0},"end":{"line":3,"column":42}},"3":{"start":{"line":12,"column":2},"end":{"line":54,"column":null}},"4":{"start":{"line":35,"column":25},"end":{"line":35,"column":45}},"5":{"start":{"line":43,"column":25},"end":{"line":43,"column":45}}},"fnMap":{"0":{"name":"Toolbar","decl":{"start":{"line":11,"column":16},"end":{"line":11,"column":23}},"loc":{"start":{"line":11,"column":77},"end":{"line":55,"column":1}}},"1":{"name":"(anonymous_1)","decl":{"start":{"line":35,"column":19},"end":{"line":35,"column":22}},"loc":{"start":{"line":35,"column":25},"end":{"line":35,"column":45}}},"2":{"name":"(anonymous_2)","decl":{"start":{"line":43,"column":19},"end":{"line":43,"column":22}},"loc":{"start":{"line":43,"column":25},"end":{"line":43,"column":45}}}},"branchMap":{"0":{"loc":{"start":{"line":33,"column":42},"end":{"line":33,"column":89}},"type":"cond-expr","locations":[{"start":{"line":33,"column":64},"end":{"line":33,"column":84}},{"start":{"line":33,"column":87},"end":{"line":33,"column":89}}]},"1":{"loc":{"start":{"line":41,"column":42},"end":{"line":41,"column":89}},"type":"cond-expr","locations":[{"start":{"line":41,"column":64},"end":{"line":41,"column":84}},{"start":{"line":41,"column":87},"end":{"line":41,"column":89}}]}},"s":{"0":1,"1":1,"2":1,"3":22,"4":2,"5":0},"f":{"0":22,"1":2,"2":0},"b":{"0":[2,20],"1":[20,2]}}
,"/Users/admin/Desktop/Projects/react-user-dashboard/src/features/candidates/store/candidatesApi.ts": {"path":"/Users/admin/Desktop/Projects/react-user-dashboard/src/features/candidates/store/candidatesApi.ts","statementMap":{"0":{"start":{"line":28,"column":0},"end":{"line":28,"column":16}},"1":{"start":{"line":1,"column":0},"end":{"line":1,"column":47}},"2":{"start":{"line":4,"column":52},"end":{"line":9,"column":null}},"3":{"start":{"line":12,"column":2},"end":{"line":12,"column":null}},"4":{"start":{"line":12,"column":18},"end":{"line":12,"column":null}},"5":{"start":{"line":13,"column":2},"end":{"line":13,"column":null}},"6":{"start":{"line":13,"column":18},"end":{"line":13,"column":null}},"7":{"start":{"line":14,"column":2},"end":{"line":14,"column":null}},"8":{"start":{"line":14,"column":17},"end":{"line":14,"column":null}},"9":{"start":{"line":15,"column":2},"end":{"line":15,"column":null}},"10":{"start":{"line":15,"column":18},"end":{"line":15,"column":null}},"11":{"start":{"line":16,"column":2},"end":{"line":16,"column":null}},"12":{"start":{"line":20,"column":2},"end":{"line":23,"column":null}},"13":{"start":{"line":29,"column":2},"end":{"line":37,"column":null}},"14":{"start":{"line":30,"column":4},"end":{"line":36,"column":null}},"15":{"start":{"line":31,"column":6},"end":{"line":35,"column":7}},"16":{"start":{"line":32,"column":8},"end":{"line":32,"column":null}},"17":{"start":{"line":34,"column":8},"end":{"line":34,"column":null}}},"fnMap":{"0":{"name":"formatActivity","decl":{"start":{"line":11,"column":9},"end":{"line":11,"column":23}},"loc":{"start":{"line":11,"column":36},"end":{"line":17,"column":1}}},"1":{"name":"mapUser","decl":{"start":{"line":19,"column":9},"end":{"line":19,"column":16}},"loc":{"start":{"line":19,"column":43},"end":{"line":25,"column":1}}},"2":{"name":"fetchCandidatesFromApi","decl":{"start":{"line":28,"column":16},"end":{"line":28,"column":38}},"loc":{"start":{"line":28,"column":38},"end":{"line":38,"column":1}}},"3":{"name":"(anonymous_3)","decl":{"start":{"line":29,"column":21},"end":{"line":29,"column":22}},"loc":{"start":{"line":29,"column":41},"end":{"line":37,"column":3}}},"4":{"name":"(anonymous_4)","decl":{"start":{"line":30,"column":15},"end":{"line":30,"column":18}},"loc":{"start":{"line":30,"column":20},"end":{"line":36,"column":5}}}},"branchMap":{"0":{"loc":{"start":{"line":12,"column":2},"end":{"line":12,"column":null}},"type":"if","locations":[{"start":{"line":12,"column":2},"end":{"line":12,"column":null}},{"start":{},"end":{}}]},"1":{"loc":{"start":{"line":13,"column":2},"end":{"line":13,"column":null}},"type":"if","locations":[{"start":{"line":13,"column":2},"end":{"line":13,"column":null}},{"start":{},"end":{}}]},"2":{"loc":{"start":{"line":14,"column":2},"end":{"line":14,"column":null}},"type":"if","locations":[{"start":{"line":14,"column":2},"end":{"line":14,"column":null}},{"start":{},"end":{}}]},"3":{"loc":{"start":{"line":15,"column":2},"end":{"line":15,"column":null}},"type":"if","locations":[{"start":{"line":15,"column":2},"end":{"line":15,"column":null}},{"start":{},"end":{}}]},"4":{"loc":{"start":{"line":22,"column":12},"end":{"line":22,"column":45}},"type":"cond-expr","locations":[{"start":{"line":22,"column":32},"end":{"line":22,"column":36}},{"start":{"line":22,"column":36},"end":{"line":22,"column":45}}]},"5":{"loc":{"start":{"line":22,"column":12},"end":{"line":22,"column":36}},"type":"binary-expr","locations":[{"start":{"line":22,"column":12},"end":{"line":22,"column":36}},{"start":{"line":22,"column":32},"end":{"line":22,"column":36}}]}},"s":{"0":1,"1":1,"2":1,"3":0,"4":0,"5":0,"6":0,"7":0,"8":0,"9":0,"10":0,"11":0,"12":0,"13":0,"14":0,"15":0,"16":0,"17":0},"f":{"0":0,"1":0,"2":0,"3":0,"4":0},"b":{"0":[0,0],"1":[0,0],"2":[0,0],"3":[0,0],"4":[0,0],"5":[0,0]}}
,"/Users/admin/Desktop/Projects/react-user-dashboard/src/features/candidates/store/candidatesSlice.ts": {"path":"/Users/admin/Desktop/Projects/react-user-dashboard/src/features/candidates/store/candidatesSlice.ts","statementMap":{"0":{"start":{"line":1,"column":0},"end":{"line":1,"column":64}},"1":{"start":{"line":3,"column":0},"end":{"line":3,"column":56}},"2":{"start":{"line":14,"column":38},"end":{"line":20,"column":null}},"3":{"start":{"line":22,"column":13},"end":{"line":25,"column":null}},"4":{"start":{"line":24,"column":8},"end":{"line":24,"column":32}},"5":{"start":{"line":27,"column":24},"end":{"line":55,"column":2}},"6":{"start":{"line":32,"column":6},"end":{"line":32,"column":null}},"7":{"start":{"line":34,"column":6},"end":{"line":34,"column":null}},"8":{"start":{"line":37,"column":6},"end":{"line":37,"column":null}},"9":{"start":{"line":41,"column":4},"end":{"line":53,"column":null}},"10":{"start":{"line":43,"column":8},"end":{"line":43,"column":null}},"11":{"start":{"line":44,"column":8},"end":{"line":44,"column":null}},"12":{"start":{"line":47,"column":8},"end":{"line":47,"column":null}},"13":{"start":{"line":48,"column":8},"end":{"line":48,"column":null}},"14":{"start":{"line":51,"column":8},"end":{"line":51,"column":null}},"15":{"start":{"line":52,"column":8},"end":{"line":52,"column":null}},"16":{"start":{"line":57,"column":13},"end":{"line":57,"column":47}},"17":{"start":{"line":58,"column":0},"end":{"line":58,"column":null}}},"fnMap":{"0":{"name":"(anonymous_0)","decl":{"start":{"line":24,"column":2},"end":{"line":24,"column":5}},"loc":{"start":{"line":24,"column":8},"end":{"line":24,"column":32}}},"1":{"name":"(anonymous_1)","decl":{"start":{"line":31,"column":4},"end":{"line":31,"column":15}},"loc":{"start":{"line":31,"column":54},"end":{"line":35,"column":5}}},"2":{"name":"(anonymous_2)","decl":{"start":{"line":36,"column":4},"end":{"line":36,"column":18}},"loc":{"start":{"line":36,"column":55},"end":{"line":38,"column":5}}},"3":{"name":"(anonymous_3)","decl":{"start":{"line":40,"column":17},"end":{"line":40,"column":18}},"loc":{"start":{"line":40,"column":29},"end":{"line":54,"column":3}}},"4":{"name":"(anonymous_4)","decl":{"start":{"line":42,"column":40},"end":{"line":42,"column":41}},"loc":{"start":{"line":42,"column":50},"end":{"line":45,"column":7}}},"5":{"name":"(anonymous_5)","decl":{"start":{"line":46,"column":42},"end":{"line":46,"column":43}},"loc":{"start":{"line":46,"column":60},"end":{"line":49,"column":7}}},"6":{"name":"(anonymous_6)","decl":{"start":{"line":50,"column":41},"end":{"line":50,"column":42}},"loc":{"start":{"line":50,"column":59},"end":{"line":53,"column":7}}}},"branchMap":{"0":{"loc":{"start":{"line":52,"column":22},"end":{"line":52,"column":73}},"type":"cond-expr","locations":[{"start":{"line":52,"column":42},"end":{"line":52,"column":46}},{"start":{"line":52,"column":46},"end":{"line":52,"column":73}}]},"1":{"loc":{"start":{"line":52,"column":22},"end":{"line":52,"column":46}},"type":"binary-expr","locations":[{"start":{"line":52,"column":22},"end":{"line":52,"column":46}},{"start":{"line":52,"column":42},"end":{"line":52,"column":46}}]}},"s":{"0":2,"1":2,"2":2,"3":2,"4":6,"5":2,"6":3,"7":3,"8":3,"9":2,"10":7,"11":7,"12":7,"13":7,"14":1,"15":1,"16":2,"17":2},"f":{"0":6,"1":3,"2":3,"3":2,"4":7,"5":7,"6":1},"b":{"0":[1,0],"1":[1,1]}}
,"/Users/admin/Desktop/Projects/react-user-dashboard/src/features/candidates/store/index.ts": {"path":"/Users/admin/Desktop/Projects/react-user-dashboard/src/features/candidates/store/index.ts","statementMap":{"0":{"start":{"line":1,"column":0},"end":{"line":1,"column":9}},"1":{"start":{"line":1,"column":9},"end":{"line":1,"column":26}},"2":{"start":{"line":1,"column":26},"end":{"line":1,"column":39}},"3":{"start":{"line":1,"column":39},"end":{"line":1,"column":80}},"4":{"start":{"line":2,"column":0},"end":{"line":2,"column":9}},"5":{"start":{"line":2,"column":9},"end":{"line":2,"column":37}},"6":{"start":{"line":3,"column":0},"end":{"line":3,"column":27}}},"fnMap":{"0":{"name":"(anonymous_4)","decl":{"start":{"line":1,"column":9},"end":{"line":1,"column":24}},"loc":{"start":{"line":1,"column":9},"end":{"line":1,"column":26}}},"1":{"name":"(anonymous_5)","decl":{"start":{"line":1,"column":26},"end":{"line":1,"column":37}},"loc":{"start":{"line":1,"column":26},"end":{"line":1,"column":39}}},"2":{"name":"(anonymous_6)","decl":{"start":{"line":1,"column":39},"end":{"line":1,"column":53}},"loc":{"start":{"line":1,"column":39},"end":{"line":1,"column":80}}},"3":{"name":"(anonymous_7)","decl":{"start":{"line":2,"column":9},"end":{"line":2,"column":16}},"loc":{"start":{"line":2,"column":9},"end":{"line":2,"column":37}}}},"branchMap":{},"s":{"0":1,"1":7,"2":3,"3":3,"4":1,"5":7,"6":1},"f":{"0":6,"1":2,"2":2,"3":6},"b":{}}
,"/Users/admin/Desktop/Projects/react-user-dashboard/src/features/candidates/store/selectors.ts": {"path":"/Users/admin/Desktop/Projects/react-user-dashboard/src/features/candidates/store/selectors.ts","statementMap":{"0":{"start":{"line":1,"column":0},"end":{"line":1,"column":49}},"1":{"start":{"line":5,"column":23},"end":{"line":5,"column":53}},"2":{"start":{"line":7,"column":29},"end":{"line":7,"column":67}},"3":{"start":{"line":7,"column":47},"end":{"line":7,"column":67}},"4":{"start":{"line":7,"column":13},"end":{"line":7,"column":29}},"5":{"start":{"line":8,"column":27},"end":{"line":8,"column":63}},"6":{"start":{"line":8,"column":45},"end":{"line":8,"column":63}},"7":{"start":{"line":8,"column":13},"end":{"line":8,"column":27}},"8":{"start":{"line":9,"column":30},"end":{"line":9,"column":69}},"9":{"start":{"line":9,"column":48},"end":{"line":9,"column":69}},"10":{"start":{"line":9,"column":13},"end":{"line":9,"column":30}},"11":{"start":{"line":10,"column":33},"end":{"line":10,"column":75}},"12":{"start":{"line":10,"column":51},"end":{"line":10,"column":75}},"13":{"start":{"line":10,"column":13},"end":{"line":10,"column":33}},"14":{"start":{"line":11,"column":35},"end":{"line":11,"column":71}},"15":{"start":{"line":11,"column":53},"end":{"line":11,"column":71}},"16":{"start":{"line":11,"column":13},"end":{"line":11,"column":35}},"17":{"start":{"line":13,"column":34},"end":{"line":14,"column":39}},"18":{"start":{"line":14,"column":2},"end":{"line":14,"column":39}},"19":{"start":{"line":13,"column":13},"end":{"line":13,"column":34}},"20":{"start":{"line":16,"column":13},"end":{"line":20,"column":null}},"21":{"start":{"line":19,"column":22},"end":{"line":19,"column":68}},"22":{"start":{"line":24,"column":13},"end":{"line":32,"column":null}},"23":{"start":{"line":29,"column":18},"end":{"line":29,"column":38}},"24":{"start":{"line":30,"column":4},"end":{"line":30,"column":null}}},"fnMap":{"0":{"name":"(anonymous_0)","decl":{"start":{"line":7,"column":29},"end":{"line":7,"column":30}},"loc":{"start":{"line":7,"column":47},"end":{"line":7,"column":67}}},"1":{"name":"(anonymous_1)","decl":{"start":{"line":8,"column":27},"end":{"line":8,"column":28}},"loc":{"start":{"line":8,"column":45},"end":{"line":8,"column":63}}},"2":{"name":"(anonymous_2)","decl":{"start":{"line":9,"column":30},"end":{"line":9,"column":31}},"loc":{"start":{"line":9,"column":48},"end":{"line":9,"column":69}}},"3":{"name":"(anonymous_3)","decl":{"start":{"line":10,"column":33},"end":{"line":10,"column":34}},"loc":{"start":{"line":10,"column":51},"end":{"line":10,"column":75}}},"4":{"name":"(anonymous_4)","decl":{"start":{"line":11,"column":35},"end":{"line":11,"column":36}},"loc":{"start":{"line":11,"column":53},"end":{"line":11,"column":71}}},"5":{"name":"(anonymous_5)","decl":{"start":{"line":13,"column":34},"end":{"line":13,"column":35}},"loc":{"start":{"line":14,"column":2},"end":{"line":14,"column":39}}},"6":{"name":"(anonymous_6)","decl":{"start":{"line":19,"column":2},"end":{"line":19,"column":3}},"loc":{"start":{"line":19,"column":22},"end":{"line":19,"column":68}}},"7":{"name":"(anonymous_7)","decl":{"start":{"line":28,"column":2},"end":{"line":28,"column":3}},"loc":{"start":{"line":28,"column":27},"end":{"line":31,"column":3}}}},"branchMap":{},"s":{"0":2,"1":2,"2":2,"3":28,"4":2,"5":2,"6":28,"7":2,"8":2,"9":28,"10":2,"11":2,"12":56,"13":2,"14":2,"15":83,"16":2,"17":2,"18":85,"19":2,"20":2,"21":7,"22":2,"23":9,"24":9},"f":{"0":28,"1":28,"2":28,"3":56,"4":83,"5":85,"6":7,"7":9},"b":{}}
,"/Users/admin/Desktop/Projects/react-user-dashboard/src/features/candidates/ui/index.ts": {"path":"/Users/admin/Desktop/Projects/react-user-dashboard/src/features/candidates/ui/index.ts","statementMap":{"0":{"start":{"line":1,"column":0},"end":{"line":1,"column":9}},"1":{"start":{"line":1,"column":9},"end":{"line":1,"column":54}},"2":{"start":{"line":2,"column":0},"end":{"line":2,"column":9}},"3":{"start":{"line":2,"column":9},"end":{"line":2,"column":52}},"4":{"start":{"line":3,"column":0},"end":{"line":3,"column":9}},"5":{"start":{"line":3,"column":9},"end":{"line":3,"column":54}},"6":{"start":{"line":4,"column":0},"end":{"line":4,"column":9}},"7":{"start":{"line":4,"column":9},"end":{"line":4,"column":50}}},"fnMap":{"0":{"name":"(anonymous_0)","decl":{"start":{"line":1,"column":9},"end":{"line":1,"column":23}},"loc":{"start":{"line":1,"column":9},"end":{"line":1,"column":54}}},"1":{"name":"(anonymous_1)","decl":{"start":{"line":2,"column":9},"end":{"line":2,"column":22}},"loc":{"start":{"line":2,"column":9},"end":{"line":2,"column":52}}},"2":{"name":"(anonymous_2)","decl":{"start":{"line":3,"column":9},"end":{"line":3,"column":23}},"loc":{"start":{"line":3,"column":9},"end":{"line":3,"column":54}}},"3":{"name":"(anonymous_3)","decl":{"start":{"line":4,"column":9},"end":{"line":4,"column":21}},"loc":{"start":{"line":4,"column":9},"end":{"line":4,"column":50}}}},"branchMap":{},"s":{"0":1,"1":8,"2":1,"3":1,"4":1,"5":3,"6":1,"7":1},"f":{"0":7,"1":0,"2":2,"3":0},"b":{}}
,"/Users/admin/Desktop/Projects/react-user-dashboard/src/features/candidates/ui/grid/CandidateCard.tsx": {"path":"/Users/admin/Desktop/Projects/react-user-dashboard/src/features/candidates/ui/grid/CandidateCard.tsx","statementMap":{"0":{"start":{"line":22,"column":0},"end":{"line":22,"column":16}},"1":{"start":{"line":1,"column":0},"end":{"line":1,"column":32}},"2":{"start":{"line":2,"column":0},"end":{"line":2,"column":102}},"3":{"start":{"line":3,"column":0},"end":{"line":3,"column":48}},"4":{"start":{"line":4,"column":0},"end":{"line":4,"column":43}},"5":{"start":{"line":5,"column":0},"end":{"line":5,"column":49}},"6":{"start":{"line":12,"column":55},"end":{"line":20,"column":null}},"7":{"start":{"line":23,"column":112},"end":{"line":23,"column":121}},"8":{"start":{"line":24,"column":34},"end":{"line":24,"column":49}},"9":{"start":{"line":26,"column":21},"end":{"line":26,"column":56}},"10":{"start":{"line":29,"column":2},"end":{"line":99,"column":null}},"11":{"start":{"line":47,"column":31},"end":{"line":47,"column":53}},"12":{"start":{"line":51,"column":60},"end":{"line":51,"column":78}}},"fnMap":{"0":{"name":"CandidateCard","decl":{"start":{"line":22,"column":16},"end":{"line":22,"column":29}},"loc":{"start":{"line":22,"column":63},"end":{"line":100,"column":1}}},"1":{"name":"(anonymous_1)","decl":{"start":{"line":47,"column":25},"end":{"line":47,"column":28}},"loc":{"start":{"line":47,"column":31},"end":{"line":47,"column":53}}},"2":{"name":"(anonymous_2)","decl":{"start":{"line":51,"column":54},"end":{"line":51,"column":57}},"loc":{"start":{"line":51,"column":60},"end":{"line":51,"column":78}}}},"branchMap":{"0":{"loc":{"start":{"line":26,"column":21},"end":{"line":26,"column":56}},"type":"cond-expr","locations":[{"start":{"line":26,"column":40},"end":{"line":26,"column":44}},{"start":{"line":26,"column":44},"end":{"line":26,"column":56}}]},"1":{"loc":{"start":{"line":26,"column":21},"end":{"line":26,"column":44}},"type":"binary-expr","locations":[{"start":{"line":26,"column":21},"end":{"line":26,"column":44}},{"start":{"line":26,"column":40},"end":{"line":26,"column":44}}]},"2":{"loc":{"start":{"line":57,"column":11},"end":{"line":60,"column":null}},"type":"cond-expr","locations":[{"start":{"line":58,"column":12},"end":{"line":58,"column":83}},{"start":{"line":60,"column":12},"end":{"line":60,"column":77}}]}},"s":{"0":1,"1":1,"2":1,"3":1,"4":1,"5":1,"6":1,"7":63,"8":63,"9":63,"10":63,"11":0,"12":0},"f":{"0":63,"1":0,"2":0},"b":{"0":[63,0],"1":[63,63],"2":[0,63]}}
,"/Users/admin/Desktop/Projects/react-user-dashboard/src/features/candidates/ui/grid/CandidatesGrid.tsx": {"path":"/Users/admin/Desktop/Projects/react-user-dashboard/src/features/candidates/ui/grid/CandidatesGrid.tsx","statementMap":{"0":{"start":{"line":9,"column":0},"end":{"line":9,"column":16}},"1":{"start":{"line":1,"column":0},"end":{"line":1,"column":47}},"2":{"start":{"line":2,"column":0},"end":{"line":2,"column":49}},"3":{"start":{"line":10,"column":2},"end":{"line":16,"column":null}},"4":{"start":{"line":13,"column":8},"end":{"line":13,"column":42}}},"fnMap":{"0":{"name":"CandidatesGrid","decl":{"start":{"line":9,"column":16},"end":{"line":9,"column":30}},"loc":{"start":{"line":9,"column":66},"end":{"line":17,"column":1}}},"1":{"name":"(anonymous_1)","decl":{"start":{"line":12,"column":22},"end":{"line":12,"column":23}},"loc":{"start":{"line":13,"column":8},"end":{"line":13,"column":42}}}},"branchMap":{},"s":{"0":1,"1":1,"2":1,"3":7,"4":63},"f":{"0":7,"1":63},"b":{}}
,"/Users/admin/Desktop/Projects/react-user-dashboard/src/features/candidates/ui/grid/ContextMenu.tsx": {"path":"/Users/admin/Desktop/Projects/react-user-dashboard/src/features/candidates/ui/grid/ContextMenu.tsx","statementMap":{"0":{"start":{"line":18,"column":0},"end":{"line":18,"column":16}},"1":{"start":{"line":1,"column":0},"end":{"line":1,"column":41}},"2":{"start":{"line":2,"column":0},"end":{"line":2,"column":70}},"3":{"start":{"line":3,"column":0},"end":{"line":3,"column":46}},"4":{"start":{"line":10,"column":19},"end":{"line":16,"column":null}},"5":{"start":{"line":19,"column":14},"end":{"line":19,"column":42}},"6":{"start":{"line":21,"column":2},"end":{"line":32,"column":null}},"7":{"start":{"line":22,"column":4},"end":{"line":22,"column":23}},"8":{"start":{"line":22,"column":17},"end":{"line":22,"column":23}},"9":{"start":{"line":25,"column":6},"end":{"line":27,"column":7}},"10":{"start":{"line":26,"column":8},"end":{"line":26,"column":null}},"11":{"start":{"line":30,"column":4},"end":{"line":30,"column":null}},"12":{"start":{"line":31,"column":4},"end":{"line":31,"column":null}},"13":{"start":{"line":31,"column":17},"end":{"line":31,"column":78}},"14":{"start":{"line":34,"column":2},"end":{"line":34,"column":null}},"15":{"start":{"line":34,"column":15},"end":{"line":34,"column":null}},"16":{"start":{"line":36,"column":2},"end":{"line":45,"column":null}},"17":{"start":{"line":39,"column":8},"end":{"line":39,"column":28}}},"fnMap":{"0":{"name":"ContextMenu","decl":{"start":{"line":18,"column":16},"end":{"line":18,"column":27}},"loc":{"start":{"line":18,"column":65},"end":{"line":46,"column":1}}},"1":{"name":"(anonymous_1)","decl":{"start":{"line":21,"column":12},"end":{"line":21,"column":15}},"loc":{"start":{"line":21,"column":17},"end":{"line":32,"column":3}}},"2":{"name":"handleClickOutside","decl":{"start":{"line":24,"column":13},"end":{"line":24,"column":31}},"loc":{"start":{"line":24,"column":45},"end":{"line":28,"column":5}}},"3":{"name":"(anonymous_3)","decl":{"start":{"line":31,"column":11},"end":{"line":31,"column":14}},"loc":{"start":{"line":31,"column":17},"end":{"line":31,"column":78}}},"4":{"name":"(anonymous_4)","decl":{"start":{"line":38,"column":22},"end":{"line":38,"column":23}},"loc":{"start":{"line":39,"column":8},"end":{"line":39,"column":28}}}},"branchMap":{"0":{"loc":{"start":{"line":22,"column":4},"end":{"line":22,"column":23}},"type":"if","locations":[{"start":{"line":22,"column":4},"end":{"line":22,"column":23}},{"start":{},"end":{}}]},"1":{"loc":{"start":{"line":25,"column":6},"end":{"line":27,"column":7}},"type":"if","locations":[{"start":{"line":25,"column":6},"end":{"line":27,"column":7}},{"start":{},"end":{}}]},"2":{"loc":{"start":{"line":25,"column":10},"end":{"line":25,"column":64}},"type":"binary-expr","locations":[{"start":{"line":25,"column":10},"end":{"line":25,"column":21}},{"start":{"line":25,"column":25},"end":{"line":25,"column":64}}]},"3":{"loc":{"start":{"line":34,"column":2},"end":{"line":34,"column":null}},"type":"if","locations":[{"start":{"line":34,"column":2},"end":{"line":34,"column":null}},{"start":{},"end":{}}]}},"s":{"0":1,"1":1,"2":1,"3":1,"4":1,"5":63,"6":63,"7":63,"8":63,"9":0,"10":0,"11":0,"12":0,"13":0,"14":63,"15":63,"16":0,"17":0},"f":{"0":63,"1":63,"2":0,"3":0,"4":0},"b":{"0":[63,0],"1":[0,0],"2":[0,0],"3":[63,0]}}
,"/Users/admin/Desktop/Projects/react-user-dashboard/src/features/candidates/ui/list/CandidateRow.tsx": {"path":"/Users/admin/Desktop/Projects/react-user-dashboard/src/features/candidates/ui/list/CandidateRow.tsx","statementMap":{"0":{"start":{"line":28,"column":0},"end":{"line":28,"column":16}},"1":{"start":{"line":1,"column":0},"end":{"line":1,"column":82}},"2":{"start":{"line":3,"column":0},"end":{"line":3,"column":47}},"3":{"start":{"line":4,"column":0},"end":{"line":4,"column":49}},"4":{"start":{"line":12,"column":42},"end":{"line":16,"column":null}},"5":{"start":{"line":19,"column":16},"end":{"line":19,"column":70}},"6":{"start":{"line":21,"column":45},"end":{"line":26,"column":null}},"7":{"start":{"line":29,"column":112},"end":{"line":29,"column":121}},"8":{"start":{"line":30,"column":15},"end":{"line":30,"column":38}},"9":{"start":{"line":31,"column":17},"end":{"line":31,"column":65}},"10":{"start":{"line":33,"column":2},"end":{"line":104,"column":null}}},"fnMap":{"0":{"name":"CandidateRow","decl":{"start":{"line":28,"column":16},"end":{"line":28,"column":28}},"loc":{"start":{"line":28,"column":61},"end":{"line":105,"column":1}}}},"branchMap":{"0":{"loc":{"start":{"line":30,"column":15},"end":{"line":30,"column":38}},"type":"cond-expr","locations":[{"start":{"line":30,"column":30},"end":{"line":30,"column":34}},{"start":{"line":30,"column":34},"end":{"line":30,"column":38}}]},"1":{"loc":{"start":{"line":30,"column":15},"end":{"line":30,"column":34}},"type":"binary-expr","locations":[{"start":{"line":30,"column":15},"end":{"line":30,"column":34}},{"start":{"line":30,"column":30},"end":{"line":30,"column":34}}]},"2":{"loc":{"start":{"line":42,"column":13},"end":{"line":44,"column":82}},"type":"cond-expr","locations":[{"start":{"line":43,"column":16},"end":{"line":43,"column":90}},{"start":{"line":44,"column":16},"end":{"line":44,"column":82}}]},"3":{"loc":{"start":{"line":86,"column":11},"end":{"line":86,"column":79}},"type":"cond-expr","locations":[{"start":{"line":86,"column":35},"end":{"line":86,"column":57}},{"start":{"line":86,"column":60},"end":{"line":86,"column":79}}]}},"s":{"0":1,"1":1,"2":1,"3":1,"4":1,"5":1,"6":1,"7":20,"8":20,"9":20,"10":20},"f":{"0":20},"b":{"0":[20,0],"1":[20,20],"2":[0,20],"3":[6,14]}}
,"/Users/admin/Desktop/Projects/react-user-dashboard/src/features/candidates/ui/list/CandidatesList.tsx": {"path":"/Users/admin/Desktop/Projects/react-user-dashboard/src/features/candidates/ui/list/CandidatesList.tsx","statementMap":{"0":{"start":{"line":21,"column":0},"end":{"line":21,"column":16}},"1":{"start":{"line":1,"column":0},"end":{"line":1,"column":42}},"2":{"start":{"line":2,"column":0},"end":{"line":2,"column":45}},"3":{"start":{"line":4,"column":0},"end":{"line":4,"column":49}},"4":{"start":{"line":11,"column":16},"end":{"line":19,"column":null}},"5":{"start":{"line":22,"column":2},"end":{"line":47,"column":null}},"6":{"start":{"line":31,"column":14},"end":{"line":31,"column":30}},"7":{"start":{"line":42,"column":12},"end":{"line":42,"column":45}}},"fnMap":{"0":{"name":"CandidatesList","decl":{"start":{"line":21,"column":16},"end":{"line":21,"column":30}},"loc":{"start":{"line":21,"column":66},"end":{"line":48,"column":1}}},"1":{"name":"(anonymous_1)","decl":{"start":{"line":30,"column":25},"end":{"line":30,"column":26}},"loc":{"start":{"line":31,"column":14},"end":{"line":31,"column":30}}},"2":{"name":"(anonymous_2)","decl":{"start":{"line":41,"column":26},"end":{"line":41,"column":27}},"loc":{"start":{"line":42,"column":12},"end":{"line":42,"column":45}}}},"branchMap":{"0":{"loc":{"start":{"line":34,"column":19},"end":{"line":34,"column":84}},"type":"binary-expr","locations":[{"start":{"line":34,"column":19},"end":{"line":34,"column":27}},{"start":{"line":34,"column":31},"end":{"line":34,"column":84}}]}},"s":{"0":1,"1":1,"2":1,"3":1,"4":1,"5":2,"6":14,"7":20},"f":{"0":2,"1":14,"2":20},"b":{"0":[14,10]}}
,"/Users/admin/Desktop/Projects/react-user-dashboard/src/features/candidates/ui/shared/StarRating.tsx": {"path":"/Users/admin/Desktop/Projects/react-user-dashboard/src/features/candidates/ui/shared/StarRating.tsx","statementMap":{"0":{"start":{"line":9,"column":0},"end":{"line":9,"column":16}},"1":{"start":{"line":1,"column":0},"end":{"line":1,"column":35}},"2":{"start":{"line":2,"column":0},"end":{"line":2,"column":45}},"3":{"start":{"line":10,"column":2},"end":{"line":16,"column":null}},"4":{"start":{"line":13,"column":8},"end":{"line":13,"column":22}}},"fnMap":{"0":{"name":"StarRating","decl":{"start":{"line":9,"column":16},"end":{"line":9,"column":26}},"loc":{"start":{"line":9,"column":64},"end":{"line":17,"column":1}}},"1":{"name":"(anonymous_1)","decl":{"start":{"line":12,"column":33},"end":{"line":12,"column":34}},"loc":{"start":{"line":13,"column":8},"end":{"line":13,"column":22}}}},"branchMap":{"0":{"loc":{"start":{"line":9,"column":36},"end":{"line":9,"column":45}},"type":"default-arg","locations":[{"start":{"line":9,"column":43},"end":{"line":9,"column":45}}]},"1":{"loc":{"start":{"line":13,"column":45},"end":{"line":13,"column":105}},"type":"cond-expr","locations":[{"start":{"line":13,"column":69},"end":{"line":13,"column":86}},{"start":{"line":13,"column":89},"end":{"line":13,"column":105}}]}},"s":{"0":1,"1":1,"2":1,"3":83,"4":415},"f":{"0":83,"1":415},"b":{"0":[63],"1":[249,166]}}
,"/Users/admin/Desktop/Projects/react-user-dashboard/src/pages/CandidatesPage.tsx": {"path":"/Users/admin/Desktop/Projects/react-user-dashboard/src/pages/CandidatesPage.tsx","statementMap":{"0":{"start":{"line":22,"column":0},"end":{"line":22,"column":16}},"1":{"start":{"line":1,"column":0},"end":{"line":1,"column":33}},"2":{"start":{"line":2,"column":0},"end":{"line":2,"column":61}},"3":{"start":{"line":3,"column":0},"end":{"line":3,"column":null}},"4":{"start":{"line":16,"column":0},"end":{"line":16,"column":74}},"5":{"start":{"line":17,"column":0},"end":{"line":17,"column":62}},"6":{"start":{"line":18,"column":0},"end":{"line":18,"column":71}},"7":{"start":{"line":20,"column":0},"end":{"line":20,"column":49}},"8":{"start":{"line":23,"column":19},"end":{"line":23,"column":35}},"9":{"start":{"line":24,"column":18},"end":{"line":24,"column":47}},"10":{"start":{"line":25,"column":16},"end":{"line":25,"column":43}},"11":{"start":{"line":26,"column":19},"end":{"line":26,"column":49}},"12":{"start":{"line":27,"column":22},"end":{"line":27,"column":55}},"13":{"start":{"line":28,"column":21},"end":{"line":28,"column":53}},"14":{"start":{"line":29,"column":23},"end":{"line":29,"column":57}},"15":{"start":{"line":30,"column":24},"end":{"line":30,"column":59}},"16":{"start":{"line":31,"column":21},"end":{"line":31,"column":62}},"17":{"start":{"line":34,"column":2},"end":{"line":36,"column":null}},"18":{"start":{"line":35,"column":4},"end":{"line":35,"column":null}},"19":{"start":{"line":39,"column":4},"end":{"line":39,"column":null}},"20":{"start":{"line":43,"column":4},"end":{"line":43,"column":null}},"21":{"start":{"line":46,"column":22},"end":{"line":46,"column":65}},"22":{"start":{"line":47,"column":20},"end":{"line":47,"column":65}},"23":{"start":{"line":49,"column":26},"end":{"line":55,"column":null}},"24":{"start":{"line":57,"column":2},"end":{"line":79,"column":null}}},"fnMap":{"0":{"name":"CandidatesPage","decl":{"start":{"line":22,"column":16},"end":{"line":22,"column":30}},"loc":{"start":{"line":22,"column":30},"end":{"line":80,"column":1}}},"1":{"name":"(anonymous_1)","decl":{"start":{"line":34,"column":12},"end":{"line":34,"column":15}},"loc":{"start":{"line":34,"column":17},"end":{"line":36,"column":3}}},"2":{"name":"handleViewChange","decl":{"start":{"line":38,"column":11},"end":{"line":38,"column":27}},"loc":{"start":{"line":38,"column":42},"end":{"line":40,"column":3}}},"3":{"name":"handlePageChange","decl":{"start":{"line":42,"column":11},"end":{"line":42,"column":27}},"loc":{"start":{"line":42,"column":40},"end":{"line":44,"column":3}}}},"branchMap":{"0":{"loc":{"start":{"line":46,"column":22},"end":{"line":46,"column":65}},"type":"binary-expr","locations":[{"start":{"line":46,"column":22},"end":{"line":46,"column":30}},{"start":{"line":46,"column":34},"end":{"line":46,"column":40}},{"start":{"line":46,"column":44},"end":{"line":46,"column":65}}]},"1":{"loc":{"start":{"line":47,"column":20},"end":{"line":47,"column":65}},"type":"binary-expr","locations":[{"start":{"line":47,"column":20},"end":{"line":47,"column":28}},{"start":{"line":47,"column":32},"end":{"line":47,"column":38}},{"start":{"line":47,"column":42},"end":{"line":47,"column":65}}]},"2":{"loc":{"start":{"line":61,"column":7},"end":{"line":61,"column":64}},"type":"binary-expr","locations":[{"start":{"line":61,"column":7},"end":{"line":61,"column":14}},{"start":{"line":61,"column":18},"end":{"line":61,"column":64}}]},"3":{"loc":{"start":{"line":63,"column":7},"end":{"line":63,"column":78}},"type":"binary-expr","locations":[{"start":{"line":63,"column":7},"end":{"line":63,"column":15}},{"start":{"line":63,"column":19},"end":{"line":63,"column":24}},{"start":{"line":63,"column":28},"end":{"line":63,"column":78}}]},"4":{"loc":{"start":{"line":65,"column":7},"end":{"line":66,"column":null}},"type":"binary-expr","locations":[{"start":{"line":65,"column":7},"end":{"line":65,"column":16}},{"start":{"line":66,"column":8},"end":{"line":66,"column":64}}]},"5":{"loc":{"start":{"line":69,"column":7},"end":{"line":76,"column":null}},"type":"binary-expr","locations":[{"start":{"line":69,"column":7},"end":{"line":69,"column":18}},{"start":{"line":70,"column":8},"end":{"line":75,"column":null}}]},"6":{"loc":{"start":{"line":71,"column":11},"end":{"line":73,"column":56}},"type":"cond-expr","locations":[{"start":{"line":72,"column":14},"end":{"line":72,"column":56}},{"start":{"line":73,"column":14},"end":{"line":73,"column":56}}]}},"s":{"0":1,"1":1,"2":1,"3":1,"4":1,"5":1,"6":1,"7":1,"8":22,"9":22,"10":22,"11":22,"12":22,"13":22,"14":22,"15":22,"16":22,"17":22,"18":6,"19":2,"20":2,"21":22,"22":22,"23":22,"24":22},"f":{"0":22,"1":6,"2":2,"3":2},"b":{"0":[22,16,16],"1":[22,16,16],"2":[22,6],"3":[22,16,0],"4":[22,7],"5":[22,9],"6":[7,2]}}
,"/Users/admin/Desktop/Projects/react-user-dashboard/src/test/mocks.ts": {"path":"/Users/admin/Desktop/Projects/react-user-dashboard/src/test/mocks.ts","statementMap":{"0":{"start":{"line":4,"column":13},"end":{"line":15,"column":null}},"1":{"start":{"line":4,"column":82},"end":{"line":15,"column":2}}},"fnMap":{"0":{"name":"(anonymous_0)","decl":{"start":{"line":4,"column":71},"end":{"line":4,"column":72}},"loc":{"start":{"line":4,"column":82},"end":{"line":15,"column":2}}}},"branchMap":{},"s":{"0":3,"1":60},"f":{"0":60},"b":{}}
}
