TN:
SF:src/app/hooks.ts
FN:5,(anonymous_0)
FN:6,(anonymous_1)
FNF:2
FNH:2
FNDA:22,(anonymous_0)
FNDA:176,(anonymous_1)
DA:1,1
DA:5,22
DA:6,1
DA:7,176
LF:4
LH:4
BRF:0
BRH:0
end_of_record
TN:
SF:src/components/layout/Pagination/Pagination.tsx
FN:12,Pagination
FN:17,(anonymous_1)
FN:24,(anonymous_2)
FN:32,(anonymous_3)
FN:36,(anonymous_4)
FN:45,(anonymous_5)
FNF:6
FNH:6
FNDA:16,Pagination
FNDA:43,(anonymous_1)
FNDA:1,(anonymous_2)
FNDA:43,(anonymous_3)
FNDA:3,(anonymous_4)
FNDA:1,(anonymous_5)
DA:1,2
DA:2,2
DA:12,2
DA:13,16
DA:15,15
DA:16,15
DA:17,43
DA:19,15
DA:24,1
DA:33,43
DA:36,3
DA:45,1
LF:12
LH:12
BRDA:13,0,0,1
BRDA:13,0,1,15
BRDA:35,1,0,15
BRDA:35,1,1,28
BRF:4
BRH:4
end_of_record
TN:
SF:src/components/layout/Toolbar/Toolbar.tsx
FN:11,Toolbar
FN:35,(anonymous_1)
FN:43,(anonymous_2)
FNF:3
FNH:2
FNDA:22,Toolbar
FNDA:2,(anonymous_1)
FNDA:0,(anonymous_2)
DA:1,1
DA:3,1
DA:11,1
DA:12,22
DA:35,2
DA:43,0
LF:6
LH:5
BRDA:33,0,0,2
BRDA:33,0,1,20
BRDA:41,1,0,20
BRDA:41,1,1,2
BRF:4
BRH:4
end_of_record
TN:
SF:src/features/candidates/store/candidatesApi.ts
FN:11,formatActivity
FN:19,mapUser
FN:28,fetchCandidatesFromApi
FN:29,(anonymous_3)
FN:30,(anonymous_4)
FNF:5
FNH:0
FNDA:0,formatActivity
FNDA:0,mapUser
FNDA:0,fetchCandidatesFromApi
FNDA:0,(anonymous_3)
FNDA:0,(anonymous_4)
DA:1,1
DA:4,1
DA:12,0
DA:13,0
DA:14,0
DA:15,0
DA:16,0
DA:20,0
DA:28,1
DA:29,0
DA:30,0
DA:31,0
DA:32,0
DA:34,0
LF:14
LH:3
BRDA:12,0,0,0
BRDA:12,0,1,0
BRDA:13,1,0,0
BRDA:13,1,1,0
BRDA:14,2,0,0
BRDA:14,2,1,0
BRDA:15,3,0,0
BRDA:15,3,1,0
BRDA:22,4,0,0
BRDA:22,4,1,0
BRDA:22,5,0,0
BRDA:22,5,1,0
BRF:12
BRH:0
end_of_record
TN:
SF:src/features/candidates/store/candidatesSlice.ts
FN:24,(anonymous_0)
FN:31,(anonymous_1)
FN:36,(anonymous_2)
FN:40,(anonymous_3)
FN:42,(anonymous_4)
FN:46,(anonymous_5)
FN:50,(anonymous_6)
FNF:7
FNH:7
FNDA:6,(anonymous_0)
FNDA:3,(anonymous_1)
FNDA:3,(anonymous_2)
FNDA:2,(anonymous_3)
FNDA:7,(anonymous_4)
FNDA:7,(anonymous_5)
FNDA:1,(anonymous_6)
DA:1,2
DA:3,2
DA:14,2
DA:22,2
DA:24,6
DA:27,2
DA:32,3
DA:34,3
DA:37,3
DA:41,2
DA:43,7
DA:44,7
DA:47,7
DA:48,7
DA:51,1
DA:52,1
DA:57,2
DA:58,2
LF:18
LH:18
BRDA:52,0,0,1
BRDA:52,0,1,0
BRDA:52,1,0,1
BRDA:52,1,1,1
BRF:4
BRH:3
end_of_record
TN:
SF:src/features/candidates/store/index.ts
FN:1,(anonymous_4)
FN:1,(anonymous_5)
FN:1,(anonymous_6)
FN:2,(anonymous_7)
FNF:4
FNH:4
FNDA:6,(anonymous_4)
FNDA:2,(anonymous_5)
FNDA:2,(anonymous_6)
FNDA:6,(anonymous_7)
DA:1,7
DA:2,7
DA:3,1
LF:3
LH:3
BRF:0
BRH:0
end_of_record
TN:
SF:src/features/candidates/store/selectors.ts
FN:7,(anonymous_0)
FN:8,(anonymous_1)
FN:9,(anonymous_2)
FN:10,(anonymous_3)
FN:11,(anonymous_4)
FN:13,(anonymous_5)
FN:19,(anonymous_6)
FN:28,(anonymous_7)
FNF:8
FNH:8
FNDA:28,(anonymous_0)
FNDA:28,(anonymous_1)
FNDA:28,(anonymous_2)
FNDA:56,(anonymous_3)
FNDA:83,(anonymous_4)
FNDA:85,(anonymous_5)
FNDA:7,(anonymous_6)
FNDA:9,(anonymous_7)
DA:1,2
DA:5,2
DA:7,28
DA:8,28
DA:9,28
DA:10,56
DA:11,83
DA:13,2
DA:14,85
DA:16,2
DA:19,7
DA:24,2
DA:29,9
DA:30,9
LF:14
LH:14
BRF:0
BRH:0
end_of_record
TN:
SF:src/features/candidates/ui/index.ts
FN:1,(anonymous_0)
FN:2,(anonymous_1)
FN:3,(anonymous_2)
FN:4,(anonymous_3)
FNF:4
FNH:2
FNDA:7,(anonymous_0)
FNDA:0,(anonymous_1)
FNDA:2,(anonymous_2)
FNDA:0,(anonymous_3)
DA:1,8
DA:2,1
DA:3,3
DA:4,1
LF:4
LH:4
BRF:0
BRH:0
end_of_record
TN:
SF:src/features/candidates/ui/grid/CandidateCard.tsx
FN:22,CandidateCard
FN:47,(anonymous_1)
FN:51,(anonymous_2)
FNF:3
FNH:1
FNDA:63,CandidateCard
FNDA:0,(anonymous_1)
FNDA:0,(anonymous_2)
DA:1,1
DA:2,1
DA:3,1
DA:4,1
DA:5,1
DA:12,1
DA:22,1
DA:23,63
DA:24,63
DA:26,63
DA:29,63
DA:47,0
DA:51,0
LF:13
LH:11
BRDA:26,0,0,63
BRDA:26,0,1,0
BRDA:26,1,0,63
BRDA:26,1,1,63
BRDA:57,2,0,0
BRDA:57,2,1,63
BRF:6
BRH:4
end_of_record
TN:
SF:src/features/candidates/ui/grid/CandidatesGrid.tsx
FN:9,CandidatesGrid
FN:12,(anonymous_1)
FNF:2
FNH:2
FNDA:7,CandidatesGrid
FNDA:63,(anonymous_1)
DA:1,1
DA:2,1
DA:9,1
DA:10,7
DA:13,63
LF:5
LH:5
BRF:0
BRH:0
end_of_record
TN:
SF:src/features/candidates/ui/grid/ContextMenu.tsx
FN:18,ContextMenu
FN:21,(anonymous_1)
FN:24,handleClickOutside
FN:31,(anonymous_3)
FN:38,(anonymous_4)
FNF:5
FNH:2
FNDA:63,ContextMenu
FNDA:63,(anonymous_1)
FNDA:0,handleClickOutside
FNDA:0,(anonymous_3)
FNDA:0,(anonymous_4)
DA:1,1
DA:2,1
DA:3,1
DA:10,1
DA:18,1
DA:19,63
DA:21,63
DA:22,63
DA:25,0
DA:26,0
DA:30,0
DA:31,0
DA:34,63
DA:36,0
DA:39,0
LF:15
LH:9
BRDA:22,0,0,63
BRDA:22,0,1,0
BRDA:25,1,0,0
BRDA:25,1,1,0
BRDA:25,2,0,0
BRDA:25,2,1,0
BRDA:34,3,0,63
BRDA:34,3,1,0
BRF:8
BRH:2
end_of_record
TN:
SF:src/features/candidates/ui/list/CandidateRow.tsx
FN:28,CandidateRow
FNF:1
FNH:1
FNDA:20,CandidateRow
DA:1,1
DA:3,1
DA:4,1
DA:12,1
DA:19,1
DA:21,1
DA:28,1
DA:29,20
DA:30,20
DA:31,20
DA:33,20
LF:11
LH:11
BRDA:30,0,0,20
BRDA:30,0,1,0
BRDA:30,1,0,20
BRDA:30,1,1,20
BRDA:42,2,0,0
BRDA:42,2,1,20
BRDA:86,3,0,6
BRDA:86,3,1,14
BRF:8
BRH:6
end_of_record
TN:
SF:src/features/candidates/ui/list/CandidatesList.tsx
FN:21,CandidatesList
FN:30,(anonymous_1)
FN:41,(anonymous_2)
FNF:3
FNH:3
FNDA:2,CandidatesList
FNDA:14,(anonymous_1)
FNDA:20,(anonymous_2)
DA:1,1
DA:2,1
DA:4,1
DA:11,1
DA:21,1
DA:22,2
DA:31,14
DA:42,20
LF:8
LH:8
BRDA:34,0,0,14
BRDA:34,0,1,10
BRF:2
BRH:2
end_of_record
TN:
SF:src/features/candidates/ui/shared/StarRating.tsx
FN:9,StarRating
FN:12,(anonymous_1)
FNF:2
FNH:2
FNDA:83,StarRating
FNDA:415,(anonymous_1)
DA:1,1
DA:2,1
DA:9,1
DA:10,83
DA:13,415
LF:5
LH:5
BRDA:9,0,0,63
BRDA:13,1,0,249
BRDA:13,1,1,166
BRF:3
BRH:3
end_of_record
TN:
SF:src/pages/CandidatesPage.tsx
FN:22,CandidatesPage
FN:34,(anonymous_1)
FN:38,handleViewChange
FN:42,handlePageChange
FNF:4
FNH:4
FNDA:22,CandidatesPage
FNDA:6,(anonymous_1)
FNDA:2,handleViewChange
FNDA:2,handlePageChange
DA:1,1
DA:2,1
DA:3,1
DA:16,1
DA:17,1
DA:18,1
DA:20,1
DA:22,1
DA:23,22
DA:24,22
DA:25,22
DA:26,22
DA:27,22
DA:28,22
DA:29,22
DA:30,22
DA:31,22
DA:34,22
DA:35,6
DA:39,2
DA:43,2
DA:46,22
DA:47,22
DA:49,22
DA:57,22
LF:25
LH:25
BRDA:46,0,0,22
BRDA:46,0,1,16
BRDA:46,0,2,16
BRDA:47,1,0,22
BRDA:47,1,1,16
BRDA:47,1,2,16
BRDA:61,2,0,22
BRDA:61,2,1,6
BRDA:63,3,0,22
BRDA:63,3,1,16
BRDA:63,3,2,0
BRDA:65,4,0,22
BRDA:65,4,1,7
BRDA:69,5,0,22
BRDA:69,5,1,9
BRDA:71,6,0,7
BRDA:71,6,1,2
BRF:17
BRH:16
end_of_record
TN:
SF:src/test/mocks.ts
FN:4,(anonymous_0)
FNF:1
FNH:1
FNDA:60,(anonymous_0)
DA:4,60
LF:1
LH:1
BRF:0
BRH:0
end_of_record
